<?xml version="1.0" encoding="UTF-8"?>
<!-- Generated by org.testng.reporters.JUnitReportReporter -->
<testsuite hostname="LAPTOP-VI1LQGDF" failures="0" tests="2" name="TestCases.TC01_LoginTestCases" time="0.640" errors="0" timestamp="2025-05-30T09:58:21 GMT-07:00" skipped="0">
  <testcase classname="TestCases.TC01_LoginTestCases" name="loginDisplay" time="0.314"/>
  <testcase classname="TestCases.TC01_LoginTestCases" name="testLoginNavigation" time="0.326"/>
</testsuite> <!-- TestCases.TC01_LoginTestCases -->
