<?xml version="1.0" encoding="UTF-8"?>
<!-- Generated by org.testng.reporters.JUnitReportReporter -->
<testsuite hostname="Apprication" failures="0" tests="1" name="testCases.register.TC_RegisterPage_016" time="7.635" errors="0" timestamp="2025-06-10T01:59:23 GMT-07:00" skipped="0">
  <testcase classname="testCases.register.TC_RegisterPage_016" name="merchantLoginButtonCheck" time="7.635"/>
</testsuite> <!-- testCases.register.TC_RegisterPage_016 -->
