<?xml version="1.0" encoding="UTF-8"?>
<!-- Generated by org.testng.reporters.JUnitReportReporter -->
<testsuite hostname="Apprication" failures="0" tests="1" name="testCases.register.TC_RegisterPage_004" time="14.587" errors="0" timestamp="2025-06-10T04:10:50 GMT-07:00" skipped="0">
  <testcase classname="testCases.register.TC_RegisterPage_004" name="differentPasswordAndConfirmPassword" time="14.587"/>
</testsuite> <!-- testCases.register.TC_RegisterPage_004 -->
