<?xml version="1.0" encoding="UTF-8"?>
<!-- Generated by org.testng.reporters.JUnitReportReporter -->
<testsuite hostname="LAPTOP-VI1LQGDF" failures="0" tests="1" name="testCases.customerLogin.TC_CustomerLogin_005" time="2.651" errors="0" timestamp="2025-06-12T08:35:21 GMT-07:00" skipped="0">
  <testcase classname="testCases.customerLogin.TC_CustomerLogin_005" name="validEmailPass" time="2.651"/>
</testsuite> <!-- testCases.customerLogin.TC_CustomerLogin_005 -->
