<?xml version="1.0" encoding="UTF-8"?>
<!-- Generated by org.testng.reporters.JUnitReportReporter -->
<testsuite hostname="Apprication" failures="0" tests="1" name="testCases.register.TC_RegisterPage_014" time="0.287" errors="0" timestamp="2025-06-09T23:22:39 GMT-07:00" skipped="0">
  <testcase classname="testCases.register.TC_RegisterPage_014" name="merchantAccountText" time="0.287"/>
</testsuite> <!-- testCases.register.TC_RegisterPage_014 -->
