<?xml version="1.0" encoding="UTF-8"?>
<!-- Generated by org.testng.reporters.JUnitReportReporter -->
<testsuite hostname="Apprication" failures="0" tests="1" name="TestCases_RegisterPage.TC_RegisterPage_006" time="19.902" errors="0" timestamp="2025-06-08T23:59:46 GMT-07:00" skipped="0">
  <testcase classname="TestCases_RegisterPage.TC_RegisterPage_006" name="existingEmail" time="19.902"/>
</testsuite> <!-- TestCases_RegisterPage.TC_RegisterPage_006 -->
