<?xml version="1.0" encoding="UTF-8"?>
<!-- Generated by org.testng.reporters.JUnitReportReporter -->
<testsuite hostname="Apprication" failures="0" tests="1" name="testCases.register.TC_RegisterPage_013" time="0.286" errors="0" timestamp="2025-06-09T23:18:45 GMT-07:00" skipped="0">
  <testcase classname="testCases.register.TC_RegisterPage_013" name="alreadyAccountText" time="0.286"/>
</testsuite> <!-- testCases.register.TC_RegisterPage_013 -->
