<?xml version="1.0" encoding="UTF-8"?>
<!-- Generated by org.testng.reporters.JUnitReportReporter -->
<testsuite hostname="Apprication" failures="0" tests="2" name="testCases.customerLogin.TC_CustomerLogin_002" time="0.241" errors="0" timestamp="2025-06-12T04:20:40 GMT-07:00" skipped="0">
  <testcase classname="testCases.customerLogin.TC_CustomerLogin_002" name="forgotPasswordTextClass" time="0.144"/>
  <testcase classname="testCases.customerLogin.TC_CustomerLogin_002" name="forgotPasswordClickable" time="0.097"/>
</testsuite> <!-- testCases.customerLogin.TC_CustomerLogin_002 -->
