<?xml version="1.0" encoding="UTF-8"?>
<!-- Generated by org.testng.reporters.JUnitReportReporter -->
<testsuite hostname="Apprication" failures="0" tests="1" name="testCases.customerLogin.TC_CustomerLogin_014" time="4.511" errors="0" timestamp="2025-06-13T06:08:26 GMT-07:00" skipped="0">
  <testcase classname="testCases.customerLogin.TC_CustomerLogin_014" name="clickMerchantLogin" time="4.511"/>
</testsuite> <!-- testCases.customerLogin.TC_CustomerLogin_014 -->
