<?xml version="1.0" encoding="UTF-8"?>
<!-- Generated by org.testng.reporters.JUnitReportReporter -->
<testsuite hostname="LAPTOP-VI1LQGDF" failures="0" tests="1" name="TestCases_RegisterPage.TC_RegisterPage_004" time="16.918" errors="0" timestamp="2025-06-08T10:03:00 GMT-07:00" skipped="0">
  <testcase classname="TestCases_RegisterPage.TC_RegisterPage_004" name="differentPasswordAndConfirmPassword" time="16.918"/>
</testsuite> <!-- TestCases_RegisterPage.TC_RegisterPage_004 -->
