<?xml version="1.0" encoding="UTF-8"?>
<!-- Generated by org.testng.reporters.JUnitReportReporter -->
<testsuite hostname="Apprication" failures="0" tests="1" name="testCases.customerLogin.TC_CustomerLogin_008" time="1.380" errors="0" timestamp="2025-06-12T21:54:14 GMT-07:00" skipped="0">
  <testcase classname="testCases.customerLogin.TC_CustomerLogin_008" name="validEmailInvalidPass" time="1.380"/>
</testsuite> <!-- testCases.customerLogin.TC_CustomerLogin_008 -->
