<?xml version="1.0" encoding="UTF-8"?>
<!-- Generated by org.testng.reporters.JUnitReportReporter -->
<testsuite hostname="Apprication" failures="0" tests="1" name="testCases.customerLogin.TC_CustomerLogin_001" time="1.747" errors="0" timestamp="2025-06-11T22:33:39 GMT-07:00" skipped="0">
  <testcase classname="testCases.customerLogin.TC_CustomerLogin_001" name="quickveeLogoAndText" time="1.747"/>
</testsuite> <!-- testCases.customerLogin.TC_CustomerLogin_001 -->
