<?xml version="1.0" encoding="UTF-8"?>
<!-- Generated by org.testng.reporters.JUnitReportReporter -->
<testsuite hostname="LAPTOP-VI1LQGDF" failures="0" tests="1" name="testCases.MerchantLogin.TC_MerchantLogin_001" time="18.364" errors="0" timestamp="2025-06-18T06:42:42 GMT-07:00" skipped="0">
  <testcase classname="testCases.MerchantLogin.TC_MerchantLogin_001" name="validatingCorrectPage" time="18.364"/>
</testsuite> <!-- testCases.MerchantLogin.TC_MerchantLogin_001 -->
