<?xml version="1.0" encoding="UTF-8"?>
<!-- Generated by org.testng.reporters.JUnitReportReporter -->
<testsuite hostname="Apprication" failures="0" tests="1" name="testCases.customerLogin.TC_CustomerLogin_010" time="0.549" errors="0" timestamp="2025-06-12T23:20:23 GMT-07:00" skipped="0">
  <testcase classname="testCases.customerLogin.TC_CustomerLogin_010" name="googleLoginButton" time="0.549"/>
</testsuite> <!-- testCases.customerLogin.TC_CustomerLogin_010 -->
