<?xml version="1.0" encoding="UTF-8"?>
<!-- Generated by org.testng.reporters.JUnitReportReporter -->
<testsuite hostname="LAPTOP-VI1LQGDF" failures="0" tests="6" name="TestCases.TC02_RegisterCustomerTestCases" time="84.435" errors="0" timestamp="2025-06-01T09:26:03 GMT-07:00" skipped="0">
  <testcase classname="TestCases.TC02_RegisterCustomerTestCases" name="firstNameBlank" time="16.681"/>
  <testcase classname="TestCases.TC02_RegisterCustomerTestCases" name="phoneBlank" time="13.348"/>
  <testcase classname="TestCases.TC02_RegisterCustomerTestCases" name="userNameBlank" time="13.342"/>
  <testcase classname="TestCases.TC02_RegisterCustomerTestCases" name="passwordBlank" time="13.920"/>
  <testcase classname="TestCases.TC02_RegisterCustomerTestCases" name="ConfirmpasswordBlank" time="13.992"/>
  <testcase classname="TestCases.TC02_RegisterCustomerTestCases" name="FirstNamenotValid" time="13.152"/>
</testsuite> <!-- TestCases.TC02_RegisterCustomerTestCases -->
