<?xml version="1.0" encoding="UTF-8"?>
<!-- Generated by org.testng.reporters.JUnitReportReporter -->
<testsuite hostname="Apprication" failures="0" tests="3" name="testCases.customerLogin.TC_CustomerLogin_009" time="3.886" errors="0" timestamp="2025-06-12T22:15:33 GMT-07:00" skipped="0">
  <testcase classname="testCases.customerLogin.TC_CustomerLogin_009" name="blankEmailPass" time="1.396"/>
  <testcase classname="testCases.customerLogin.TC_CustomerLogin_009" name="putEmailBlankPass" time="1.267"/>
  <testcase classname="testCases.customerLogin.TC_CustomerLogin_009" name="blankEmailPutPass" time="1.223"/>
</testsuite> <!-- testCases.customerLogin.TC_CustomerLogin_009 -->
