<?xml version="1.0" encoding="UTF-8"?>
<!-- Generated by org.testng.reporters.JUnitReportReporter -->
<testsuite hostname="LAPTOP-VI1LQGDF" failures="0" tests="1" name="LoginTestCases.TC01_LoginPage" time="1.154" errors="0" timestamp="2025-05-30T09:19:46 GMT-07:00" skipped="0">
  <testcase classname="LoginTestCases.TC01_LoginPage" name="clickLoginBtn" time="1.154"/>
</testsuite> <!-- LoginTestCases.TC01_LoginPage -->
