<?xml version="1.0" encoding="UTF-8"?>
<!-- Generated by org.testng.reporters.JUnitReportReporter -->
<testsuite hostname="Apprication" failures="0" tests="1" name="testCases.customerLogin.TC_CustomerLogin_006" time="1.479" errors="0" timestamp="2025-06-12T21:47:10 GMT-07:00" skipped="0">
  <testcase classname="testCases.customerLogin.TC_CustomerLogin_006" name="invalidEmailValidPass" time="1.479"/>
</testsuite> <!-- testCases.customerLogin.TC_CustomerLogin_006 -->
