<?xml version="1.0" encoding="UTF-8"?>
<!-- Generated by org.testng.reporters.JUnitReportReporter -->
<testsuite hostname="LAPTOP-VI1LQGDF" failures="0" tests="1" name="TestCases_RegisterPage.TC_RegisterPage_005" time="15.949" errors="0" timestamp="2025-06-08T10:28:03 GMT-07:00" skipped="0">
  <testcase classname="TestCases_RegisterPage.TC_RegisterPage_005" name="propervalidationMessage" time="15.949"/>
</testsuite> <!-- TestCases_RegisterPage.TC_RegisterPage_005 -->
