<?xml version="1.0" encoding="UTF-8"?>
<!-- Generated by org.testng.reporters.JUnitReportReporter -->
<testsuite hostname="Apprication" failures="0" tests="1" name="testCases.register.TC_RegisterPage_005" time="13.795" errors="0" timestamp="2025-06-09T02:22:32 GMT-07:00" skipped="0">
  <testcase classname="testCases.register.TC_RegisterPage_005" name="properValidationMessage" time="13.795"/>
</testsuite> <!-- testCases.register.TC_RegisterPage_005 -->
