<?xml version="1.0" encoding="UTF-8"?>
<!-- Generated by org.testng.reporters.JUnitReportReporter -->
<testsuite hostname="LAPTOP-VI1LQGDF" failures="0" tests="1" name="TestCases.TC02_01_RegisterCustomerTestCases" time="14.994" errors="0" timestamp="2025-05-31T10:58:56 GMT-07:00" skipped="0">
  <testcase classname="TestCases.TC02_01_RegisterCustomerTestCases" name="firstName_Validation" time="14.994"/>
</testsuite> <!-- TestCases.TC02_01_RegisterCustomerTestCases -->
